[2024-01-07 17:20:16] local.ERROR: View [welcome] not found. {"exception":"[object] (InvalidArgumentException(code: 0): View [welcome] not found. at C:\\Projects\\WEB\\HTML-coding\\FE\\React\\telephone-directory\\vendor\\laravel\\framework\\src\\Illuminate\\View\\FileViewFinder.php:137)
[stacktrace]
#0 C:\\Projects\\WEB\\HTML-coding\\FE\\React\\telephone-directory\\vendor\\laravel\\framework\\src\\Illuminate\\View\\FileViewFinder.php(79): Illuminate\\View\\FileViewFinder->findInPaths()
#1 C:\\Projects\\WEB\\HTML-coding\\FE\\React\\telephone-directory\\vendor\\laravel\\framework\\src\\Illuminate\\View\\Factory.php(138): Illuminate\\View\\FileViewFinder->find()
#2 C:\\Projects\\WEB\\HTML-coding\\FE\\React\\telephone-directory\\vendor\\laravel\\framework\\src\\Illuminate\\Routing\\ResponseFactory.php(85): Illuminate\\View\\Factory->make()
#3 C:\\Projects\\WEB\\HTML-coding\\FE\\React\\telephone-directory\\vendor\\laravel\\framework\\src\\Illuminate\\Routing\\ViewController.php(37): Illuminate\\Routing\\ResponseFactory->view()
#4 C:\\Projects\\WEB\\HTML-coding\\FE\\React\\telephone-directory\\vendor\\laravel\\framework\\src\\Illuminate\\Routing\\Controller.php(54): Illuminate\\Routing\\ViewController->__invoke()
#5 C:\\Projects\\WEB\\HTML-coding\\FE\\React\\telephone-directory\\vendor\\laravel\\framework\\src\\Illuminate\\Routing\\ControllerDispatcher.php(45): Illuminate\\Routing\\Controller->callAction()
#6 C:\\Projects\\WEB\\HTML-coding\\FE\\React\\telephone-directory\\vendor\\laravel\\framework\\src\\Illuminate\\Routing\\Route.php(262): Illuminate\\Routing\\ControllerDispatcher->dispatch()
#7 C:\\Projects\\WEB\\HTML-coding\\FE\\React\\telephone-directory\\vendor\\laravel\\framework\\src\\Illuminate\\Routing\\Route.php(205): Illuminate\\Routing\\Route->runController()
#8 C:\\Projects\\WEB\\HTML-coding\\FE\\React\\telephone-directory\\vendor\\laravel\\framework\\src\\Illuminate\\Routing\\Router.php(721): Illuminate\\Routing\\Route->run()
#9 C:\\Projects\\WEB\\HTML-coding\\FE\\React\\telephone-directory\\vendor\\laravel\\framework\\src\\Illuminate\\Pipeline\\Pipeline.php(128): Illuminate\\Routing\\Router->Illuminate\\Routing\\{closure}()
#10 C:\\Projects\\WEB\\HTML-coding\\FE\\React\\telephone-directory\\vendor\\laravel\\framework\\src\\Illuminate\\Routing\\Middleware\\SubstituteBindings.php(50): Illuminate\\Pipeline\\Pipeline->Illuminate\\Pipeline\\{closure}()
#11 C:\\Projects\\WEB\\HTML-coding\\FE\\React\\telephone-directory\\vendor\\laravel\\framework\\src\\Illuminate\\Pipeline\\Pipeline.php(167): Illuminate\\Routing\\Middleware\\SubstituteBindings->handle()
#12 C:\\Projects\\WEB\\HTML-coding\\FE\\React\\telephone-directory\\vendor\\laravel\\framework\\src\\Illuminate\\View\\Middleware\\ShareErrorsFromSession.php(49): Illuminate\\Pipeline\\Pipeline->Illuminate\\Pipeline\\{closure}()
#13 C:\\Projects\\WEB\\HTML-coding\\FE\\React\\telephone-directory\\vendor\\laravel\\framework\\src\\Illuminate\\Pipeline\\Pipeline.php(167): Illuminate\\View\\Middleware\\ShareErrorsFromSession->handle()
#14 C:\\Projects\\WEB\\HTML-coding\\FE\\React\\telephone-directory\\vendor\\laravel\\framework\\src\\Illuminate\\Session\\Middleware\\StartSession.php(121): Illuminate\\Pipeline\\Pipeline->Illuminate\\Pipeline\\{closure}()
#15 C:\\Projects\\WEB\\HTML-coding\\FE\\React\\telephone-directory\\vendor\\laravel\\framework\\src\\Illuminate\\Session\\Middleware\\StartSession.php(64): Illuminate\\Session\\Middleware\\StartSession->handleStatefulRequest()
#16 C:\\Projects\\WEB\\HTML-coding\\FE\\React\\telephone-directory\\vendor\\laravel\\framework\\src\\Illuminate\\Pipeline\\Pipeline.php(167): Illuminate\\Session\\Middleware\\StartSession->handle()
#17 C:\\Projects\\WEB\\HTML-coding\\FE\\React\\telephone-directory\\vendor\\laravel\\framework\\src\\Illuminate\\Cookie\\Middleware\\AddQueuedCookiesToResponse.php(37): Illuminate\\Pipeline\\Pipeline->Illuminate\\Pipeline\\{closure}()
#18 C:\\Projects\\WEB\\HTML-coding\\FE\\React\\telephone-directory\\vendor\\laravel\\framework\\src\\Illuminate\\Pipeline\\Pipeline.php(167): Illuminate\\Cookie\\Middleware\\AddQueuedCookiesToResponse->handle()
#19 C:\\Projects\\WEB\\HTML-coding\\FE\\React\\telephone-directory\\vendor\\laravel\\framework\\src\\Illuminate\\Cookie\\Middleware\\EncryptCookies.php(67): Illuminate\\Pipeline\\Pipeline->Illuminate\\Pipeline\\{closure}()
#20 C:\\Projects\\WEB\\HTML-coding\\FE\\React\\telephone-directory\\vendor\\laravel\\framework\\src\\Illuminate\\Pipeline\\Pipeline.php(167): Illuminate\\Cookie\\Middleware\\EncryptCookies->handle()
#21 C:\\Projects\\WEB\\HTML-coding\\FE\\React\\telephone-directory\\vendor\\laravel\\framework\\src\\Illuminate\\Pipeline\\Pipeline.php(103): Illuminate\\Pipeline\\Pipeline->Illuminate\\Pipeline\\{closure}()
#22 C:\\Projects\\WEB\\HTML-coding\\FE\\React\\telephone-directory\\vendor\\laravel\\framework\\src\\Illuminate\\Routing\\Router.php(723): Illuminate\\Pipeline\\Pipeline->then()
#23 C:\\Projects\\WEB\\HTML-coding\\FE\\React\\telephone-directory\\vendor\\laravel\\framework\\src\\Illuminate\\Routing\\Router.php(698): Illuminate\\Routing\\Router->runRouteWithinStack()
#24 C:\\Projects\\WEB\\HTML-coding\\FE\\React\\telephone-directory\\vendor\\laravel\\framework\\src\\Illuminate\\Routing\\Router.php(662): Illuminate\\Routing\\Router->runRoute()
#25 C:\\Projects\\WEB\\HTML-coding\\FE\\React\\telephone-directory\\vendor\\laravel\\framework\\src\\Illuminate\\Routing\\Router.php(651): Illuminate\\Routing\\Router->dispatchToRoute()
#26 C:\\Projects\\WEB\\HTML-coding\\FE\\React\\telephone-directory\\vendor\\laravel\\framework\\src\\Illuminate\\Foundation\\Http\\Kernel.php(167): Illuminate\\Routing\\Router->dispatch()
#27 C:\\Projects\\WEB\\HTML-coding\\FE\\React\\telephone-directory\\vendor\\laravel\\framework\\src\\Illuminate\\Pipeline\\Pipeline.php(128): Illuminate\\Foundation\\Http\\Kernel->Illuminate\\Foundation\\Http\\{closure}()
#28 C:\\Projects\\WEB\\HTML-coding\\FE\\React\\telephone-directory\\app\\Http\\Middleware\\Cors.php(26): Illuminate\\Pipeline\\Pipeline->Illuminate\\Pipeline\\{closure}()
#29 C:\\Projects\\WEB\\HTML-coding\\FE\\React\\telephone-directory\\vendor\\laravel\\framework\\src\\Illuminate\\Pipeline\\Pipeline.php(167): App\\Http\\Middleware\\Cors->handle()
#30 C:\\Projects\\WEB\\HTML-coding\\FE\\React\\telephone-directory\\vendor\\laravel\\framework\\src\\Illuminate\\Foundation\\Http\\Middleware\\TransformsRequest.php(21): Illuminate\\Pipeline\\Pipeline->Illuminate\\Pipeline\\{closure}()
#31 C:\\Projects\\WEB\\HTML-coding\\FE\\React\\telephone-directory\\vendor\\laravel\\framework\\src\\Illuminate\\Foundation\\Http\\Middleware\\ConvertEmptyStringsToNull.php(31): Illuminate\\Foundation\\Http\\Middleware\\TransformsRequest->handle()
#32 C:\\Projects\\WEB\\HTML-coding\\FE\\React\\telephone-directory\\vendor\\laravel\\framework\\src\\Illuminate\\Pipeline\\Pipeline.php(167): Illuminate\\Foundation\\Http\\Middleware\\ConvertEmptyStringsToNull->handle()
#33 C:\\Projects\\WEB\\HTML-coding\\FE\\React\\telephone-directory\\vendor\\laravel\\framework\\src\\Illuminate\\Foundation\\Http\\Middleware\\TransformsRequest.php(21): Illuminate\\Pipeline\\Pipeline->Illuminate\\Pipeline\\{closure}()
#34 C:\\Projects\\WEB\\HTML-coding\\FE\\React\\telephone-directory\\vendor\\laravel\\framework\\src\\Illuminate\\Foundation\\Http\\Middleware\\TrimStrings.php(40): Illuminate\\Foundation\\Http\\Middleware\\TransformsRequest->handle()
#35 C:\\Projects\\WEB\\HTML-coding\\FE\\React\\telephone-directory\\vendor\\laravel\\framework\\src\\Illuminate\\Pipeline\\Pipeline.php(167): Illuminate\\Foundation\\Http\\Middleware\\TrimStrings->handle()
#36 C:\\Projects\\WEB\\HTML-coding\\FE\\React\\telephone-directory\\vendor\\laravel\\framework\\src\\Illuminate\\Foundation\\Http\\Middleware\\ValidatePostSize.php(27): Illuminate\\Pipeline\\Pipeline->Illuminate\\Pipeline\\{closure}()
#37 C:\\Projects\\WEB\\HTML-coding\\FE\\React\\telephone-directory\\vendor\\laravel\\framework\\src\\Illuminate\\Pipeline\\Pipeline.php(167): Illuminate\\Foundation\\Http\\Middleware\\ValidatePostSize->handle()
#38 C:\\Projects\\WEB\\HTML-coding\\FE\\React\\telephone-directory\\vendor\\laravel\\framework\\src\\Illuminate\\Foundation\\Http\\Middleware\\PreventRequestsDuringMaintenance.php(86): Illuminate\\Pipeline\\Pipeline->Illuminate\\Pipeline\\{closure}()
#39 C:\\Projects\\WEB\\HTML-coding\\FE\\React\\telephone-directory\\vendor\\laravel\\framework\\src\\Illuminate\\Pipeline\\Pipeline.php(167): Illuminate\\Foundation\\Http\\Middleware\\PreventRequestsDuringMaintenance->handle()
#40 C:\\Projects\\WEB\\HTML-coding\\FE\\React\\telephone-directory\\vendor\\fruitcake\\laravel-cors\\src\\HandleCors.php(38): Illuminate\\Pipeline\\Pipeline->Illuminate\\Pipeline\\{closure}()
#41 C:\\Projects\\WEB\\HTML-coding\\FE\\React\\telephone-directory\\vendor\\laravel\\framework\\src\\Illuminate\\Pipeline\\Pipeline.php(167): Fruitcake\\Cors\\HandleCors->handle()
#42 C:\\Projects\\WEB\\HTML-coding\\FE\\React\\telephone-directory\\vendor\\laravel\\framework\\src\\Illuminate\\Http\\Middleware\\TrustProxies.php(39): Illuminate\\Pipeline\\Pipeline->Illuminate\\Pipeline\\{closure}()
#43 C:\\Projects\\WEB\\HTML-coding\\FE\\React\\telephone-directory\\vendor\\laravel\\framework\\src\\Illuminate\\Pipeline\\Pipeline.php(167): Illuminate\\Http\\Middleware\\TrustProxies->handle()
#44 C:\\Projects\\WEB\\HTML-coding\\FE\\React\\telephone-directory\\vendor\\laravel\\framework\\src\\Illuminate\\Pipeline\\Pipeline.php(103): Illuminate\\Pipeline\\Pipeline->Illuminate\\Pipeline\\{closure}()
#45 C:\\Projects\\WEB\\HTML-coding\\FE\\React\\telephone-directory\\vendor\\laravel\\framework\\src\\Illuminate\\Foundation\\Http\\Kernel.php(142): Illuminate\\Pipeline\\Pipeline->then()
#46 C:\\Projects\\WEB\\HTML-coding\\FE\\React\\telephone-directory\\vendor\\laravel\\framework\\src\\Illuminate\\Foundation\\Http\\Kernel.php(111): Illuminate\\Foundation\\Http\\Kernel->sendRequestThroughRouter()
#47 C:\\Projects\\WEB\\HTML-coding\\FE\\React\\telephone-directory\\public\\index.php(52): Illuminate\\Foundation\\Http\\Kernel->handle()
#48 C:\\Projects\\WEB\\HTML-coding\\FE\\React\\telephone-directory\\server.php(21): require_once('C:\\\\Projects\\\\WEB...')
#49 {main}
"} 
[2024-01-07 17:20:16] local.ERROR: file_put_contents(C:\Projects\WEB\HTML-coding\React\telephone-directory\storage\framework/sessions/n4PnbrBvbzsn9E4NpsRfHKfLvBF3DXTplpSP5N6B): Failed to open stream: No such file or directory {"exception":"[object] (ErrorException(code: 0): file_put_contents(C:\\Projects\\WEB\\HTML-coding\\React\\telephone-directory\\storage\\framework/sessions/n4PnbrBvbzsn9E4NpsRfHKfLvBF3DXTplpSP5N6B): Failed to open stream: No such file or directory at C:\\Projects\\WEB\\HTML-coding\\FE\\React\\telephone-directory\\vendor\\laravel\\framework\\src\\Illuminate\\Filesystem\\Filesystem.php:187)
[stacktrace]
#0 [internal function]: Illuminate\\Foundation\\Bootstrap\\HandleExceptions->handleError()
#1 C:\\Projects\\WEB\\HTML-coding\\FE\\React\\telephone-directory\\vendor\\laravel\\framework\\src\\Illuminate\\Filesystem\\Filesystem.php(187): file_put_contents()
#2 C:\\Projects\\WEB\\HTML-coding\\FE\\React\\telephone-directory\\vendor\\laravel\\framework\\src\\Illuminate\\Session\\FileSessionHandler.php(95): Illuminate\\Filesystem\\Filesystem->put()
#3 C:\\Projects\\WEB\\HTML-coding\\FE\\React\\telephone-directory\\vendor\\laravel\\framework\\src\\Illuminate\\Session\\Store.php(129): Illuminate\\Session\\FileSessionHandler->write()
#4 C:\\Projects\\WEB\\HTML-coding\\FE\\React\\telephone-directory\\vendor\\laravel\\framework\\src\\Illuminate\\Session\\Middleware\\StartSession.php(236): Illuminate\\Session\\Store->save()
#5 C:\\Projects\\WEB\\HTML-coding\\FE\\React\\telephone-directory\\vendor\\laravel\\framework\\src\\Illuminate\\Session\\Middleware\\StartSession.php(130): Illuminate\\Session\\Middleware\\StartSession->saveSession()
#6 C:\\Projects\\WEB\\HTML-coding\\FE\\React\\telephone-directory\\vendor\\laravel\\framework\\src\\Illuminate\\Session\\Middleware\\StartSession.php(64): Illuminate\\Session\\Middleware\\StartSession->handleStatefulRequest()
#7 C:\\Projects\\WEB\\HTML-coding\\FE\\React\\telephone-directory\\vendor\\laravel\\framework\\src\\Illuminate\\Pipeline\\Pipeline.php(167): Illuminate\\Session\\Middleware\\StartSession->handle()
#8 C:\\Projects\\WEB\\HTML-coding\\FE\\React\\telephone-directory\\vendor\\laravel\\framework\\src\\Illuminate\\Cookie\\Middleware\\AddQueuedCookiesToResponse.php(37): Illuminate\\Pipeline\\Pipeline->Illuminate\\Pipeline\\{closure}()
#9 C:\\Projects\\WEB\\HTML-coding\\FE\\React\\telephone-directory\\vendor\\laravel\\framework\\src\\Illuminate\\Pipeline\\Pipeline.php(167): Illuminate\\Cookie\\Middleware\\AddQueuedCookiesToResponse->handle()
#10 C:\\Projects\\WEB\\HTML-coding\\FE\\React\\telephone-directory\\vendor\\laravel\\framework\\src\\Illuminate\\Cookie\\Middleware\\EncryptCookies.php(67): Illuminate\\Pipeline\\Pipeline->Illuminate\\Pipeline\\{closure}()
#11 C:\\Projects\\WEB\\HTML-coding\\FE\\React\\telephone-directory\\vendor\\laravel\\framework\\src\\Illuminate\\Pipeline\\Pipeline.php(167): Illuminate\\Cookie\\Middleware\\EncryptCookies->handle()
#12 C:\\Projects\\WEB\\HTML-coding\\FE\\React\\telephone-directory\\vendor\\laravel\\framework\\src\\Illuminate\\Pipeline\\Pipeline.php(103): Illuminate\\Pipeline\\Pipeline->Illuminate\\Pipeline\\{closure}()
#13 C:\\Projects\\WEB\\HTML-coding\\FE\\React\\telephone-directory\\vendor\\laravel\\framework\\src\\Illuminate\\Routing\\Router.php(723): Illuminate\\Pipeline\\Pipeline->then()
#14 C:\\Projects\\WEB\\HTML-coding\\FE\\React\\telephone-directory\\vendor\\laravel\\framework\\src\\Illuminate\\Routing\\Router.php(698): Illuminate\\Routing\\Router->runRouteWithinStack()
#15 C:\\Projects\\WEB\\HTML-coding\\FE\\React\\telephone-directory\\vendor\\laravel\\framework\\src\\Illuminate\\Routing\\Router.php(662): Illuminate\\Routing\\Router->runRoute()
#16 C:\\Projects\\WEB\\HTML-coding\\FE\\React\\telephone-directory\\vendor\\laravel\\framework\\src\\Illuminate\\Routing\\Router.php(651): Illuminate\\Routing\\Router->dispatchToRoute()
#17 C:\\Projects\\WEB\\HTML-coding\\FE\\React\\telephone-directory\\vendor\\laravel\\framework\\src\\Illuminate\\Foundation\\Http\\Kernel.php(167): Illuminate\\Routing\\Router->dispatch()
#18 C:\\Projects\\WEB\\HTML-coding\\FE\\React\\telephone-directory\\vendor\\laravel\\framework\\src\\Illuminate\\Pipeline\\Pipeline.php(128): Illuminate\\Foundation\\Http\\Kernel->Illuminate\\Foundation\\Http\\{closure}()
#19 C:\\Projects\\WEB\\HTML-coding\\FE\\React\\telephone-directory\\app\\Http\\Middleware\\Cors.php(26): Illuminate\\Pipeline\\Pipeline->Illuminate\\Pipeline\\{closure}()
#20 C:\\Projects\\WEB\\HTML-coding\\FE\\React\\telephone-directory\\vendor\\laravel\\framework\\src\\Illuminate\\Pipeline\\Pipeline.php(167): App\\Http\\Middleware\\Cors->handle()
#21 C:\\Projects\\WEB\\HTML-coding\\FE\\React\\telephone-directory\\vendor\\laravel\\framework\\src\\Illuminate\\Foundation\\Http\\Middleware\\TransformsRequest.php(21): Illuminate\\Pipeline\\Pipeline->Illuminate\\Pipeline\\{closure}()
#22 C:\\Projects\\WEB\\HTML-coding\\FE\\React\\telephone-directory\\vendor\\laravel\\framework\\src\\Illuminate\\Foundation\\Http\\Middleware\\ConvertEmptyStringsToNull.php(31): Illuminate\\Foundation\\Http\\Middleware\\TransformsRequest->handle()
#23 C:\\Projects\\WEB\\HTML-coding\\FE\\React\\telephone-directory\\vendor\\laravel\\framework\\src\\Illuminate\\Pipeline\\Pipeline.php(167): Illuminate\\Foundation\\Http\\Middleware\\ConvertEmptyStringsToNull->handle()
#24 C:\\Projects\\WEB\\HTML-coding\\FE\\React\\telephone-directory\\vendor\\laravel\\framework\\src\\Illuminate\\Foundation\\Http\\Middleware\\TransformsRequest.php(21): Illuminate\\Pipeline\\Pipeline->Illuminate\\Pipeline\\{closure}()
#25 C:\\Projects\\WEB\\HTML-coding\\FE\\React\\telephone-directory\\vendor\\laravel\\framework\\src\\Illuminate\\Foundation\\Http\\Middleware\\TrimStrings.php(40): Illuminate\\Foundation\\Http\\Middleware\\TransformsRequest->handle()
#26 C:\\Projects\\WEB\\HTML-coding\\FE\\React\\telephone-directory\\vendor\\laravel\\framework\\src\\Illuminate\\Pipeline\\Pipeline.php(167): Illuminate\\Foundation\\Http\\Middleware\\TrimStrings->handle()
#27 C:\\Projects\\WEB\\HTML-coding\\FE\\React\\telephone-directory\\vendor\\laravel\\framework\\src\\Illuminate\\Foundation\\Http\\Middleware\\ValidatePostSize.php(27): Illuminate\\Pipeline\\Pipeline->Illuminate\\Pipeline\\{closure}()
#28 C:\\Projects\\WEB\\HTML-coding\\FE\\React\\telephone-directory\\vendor\\laravel\\framework\\src\\Illuminate\\Pipeline\\Pipeline.php(167): Illuminate\\Foundation\\Http\\Middleware\\ValidatePostSize->handle()
#29 C:\\Projects\\WEB\\HTML-coding\\FE\\React\\telephone-directory\\vendor\\laravel\\framework\\src\\Illuminate\\Foundation\\Http\\Middleware\\PreventRequestsDuringMaintenance.php(86): Illuminate\\Pipeline\\Pipeline->Illuminate\\Pipeline\\{closure}()
#30 C:\\Projects\\WEB\\HTML-coding\\FE\\React\\telephone-directory\\vendor\\laravel\\framework\\src\\Illuminate\\Pipeline\\Pipeline.php(167): Illuminate\\Foundation\\Http\\Middleware\\PreventRequestsDuringMaintenance->handle()
#31 C:\\Projects\\WEB\\HTML-coding\\FE\\React\\telephone-directory\\vendor\\fruitcake\\laravel-cors\\src\\HandleCors.php(38): Illuminate\\Pipeline\\Pipeline->Illuminate\\Pipeline\\{closure}()
#32 C:\\Projects\\WEB\\HTML-coding\\FE\\React\\telephone-directory\\vendor\\laravel\\framework\\src\\Illuminate\\Pipeline\\Pipeline.php(167): Fruitcake\\Cors\\HandleCors->handle()
#33 C:\\Projects\\WEB\\HTML-coding\\FE\\React\\telephone-directory\\vendor\\laravel\\framework\\src\\Illuminate\\Http\\Middleware\\TrustProxies.php(39): Illuminate\\Pipeline\\Pipeline->Illuminate\\Pipeline\\{closure}()
#34 C:\\Projects\\WEB\\HTML-coding\\FE\\React\\telephone-directory\\vendor\\laravel\\framework\\src\\Illuminate\\Pipeline\\Pipeline.php(167): Illuminate\\Http\\Middleware\\TrustProxies->handle()
#35 C:\\Projects\\WEB\\HTML-coding\\FE\\React\\telephone-directory\\vendor\\laravel\\framework\\src\\Illuminate\\Pipeline\\Pipeline.php(103): Illuminate\\Pipeline\\Pipeline->Illuminate\\Pipeline\\{closure}()
#36 C:\\Projects\\WEB\\HTML-coding\\FE\\React\\telephone-directory\\vendor\\laravel\\framework\\src\\Illuminate\\Foundation\\Http\\Kernel.php(142): Illuminate\\Pipeline\\Pipeline->then()
#37 C:\\Projects\\WEB\\HTML-coding\\FE\\React\\telephone-directory\\vendor\\laravel\\framework\\src\\Illuminate\\Foundation\\Http\\Kernel.php(111): Illuminate\\Foundation\\Http\\Kernel->sendRequestThroughRouter()
#38 C:\\Projects\\WEB\\HTML-coding\\FE\\React\\telephone-directory\\public\\index.php(52): Illuminate\\Foundation\\Http\\Kernel->handle()
#39 C:\\Projects\\WEB\\HTML-coding\\FE\\React\\telephone-directory\\server.php(21): require_once('C:\\\\Projects\\\\WEB...')
#40 {main}
"} 
[2024-01-07 17:23:27] local.ERROR: View [welcome] not found. {"exception":"[object] (InvalidArgumentException(code: 0): View [welcome] not found. at C:\\Projects\\WEB\\HTML-coding\\FE\\React\\telephone-directory\\vendor\\laravel\\framework\\src\\Illuminate\\View\\FileViewFinder.php:137)
[stacktrace]
#0 C:\\Projects\\WEB\\HTML-coding\\FE\\React\\telephone-directory\\vendor\\laravel\\framework\\src\\Illuminate\\View\\FileViewFinder.php(79): Illuminate\\View\\FileViewFinder->findInPaths()
#1 C:\\Projects\\WEB\\HTML-coding\\FE\\React\\telephone-directory\\vendor\\laravel\\framework\\src\\Illuminate\\View\\Factory.php(138): Illuminate\\View\\FileViewFinder->find()
#2 C:\\Projects\\WEB\\HTML-coding\\FE\\React\\telephone-directory\\vendor\\laravel\\framework\\src\\Illuminate\\Routing\\ResponseFactory.php(85): Illuminate\\View\\Factory->make()
#3 C:\\Projects\\WEB\\HTML-coding\\FE\\React\\telephone-directory\\vendor\\laravel\\framework\\src\\Illuminate\\Routing\\ViewController.php(37): Illuminate\\Routing\\ResponseFactory->view()
#4 C:\\Projects\\WEB\\HTML-coding\\FE\\React\\telephone-directory\\vendor\\laravel\\framework\\src\\Illuminate\\Routing\\Controller.php(54): Illuminate\\Routing\\ViewController->__invoke()
#5 C:\\Projects\\WEB\\HTML-coding\\FE\\React\\telephone-directory\\vendor\\laravel\\framework\\src\\Illuminate\\Routing\\ControllerDispatcher.php(45): Illuminate\\Routing\\Controller->callAction()
#6 C:\\Projects\\WEB\\HTML-coding\\FE\\React\\telephone-directory\\vendor\\laravel\\framework\\src\\Illuminate\\Routing\\Route.php(262): Illuminate\\Routing\\ControllerDispatcher->dispatch()
#7 C:\\Projects\\WEB\\HTML-coding\\FE\\React\\telephone-directory\\vendor\\laravel\\framework\\src\\Illuminate\\Routing\\Route.php(205): Illuminate\\Routing\\Route->runController()
#8 C:\\Projects\\WEB\\HTML-coding\\FE\\React\\telephone-directory\\vendor\\laravel\\framework\\src\\Illuminate\\Routing\\Router.php(721): Illuminate\\Routing\\Route->run()
#9 C:\\Projects\\WEB\\HTML-coding\\FE\\React\\telephone-directory\\vendor\\laravel\\framework\\src\\Illuminate\\Pipeline\\Pipeline.php(128): Illuminate\\Routing\\Router->Illuminate\\Routing\\{closure}()
#10 C:\\Projects\\WEB\\HTML-coding\\FE\\React\\telephone-directory\\vendor\\laravel\\framework\\src\\Illuminate\\Routing\\Middleware\\SubstituteBindings.php(50): Illuminate\\Pipeline\\Pipeline->Illuminate\\Pipeline\\{closure}()
#11 C:\\Projects\\WEB\\HTML-coding\\FE\\React\\telephone-directory\\vendor\\laravel\\framework\\src\\Illuminate\\Pipeline\\Pipeline.php(167): Illuminate\\Routing\\Middleware\\SubstituteBindings->handle()
#12 C:\\Projects\\WEB\\HTML-coding\\FE\\React\\telephone-directory\\vendor\\laravel\\framework\\src\\Illuminate\\View\\Middleware\\ShareErrorsFromSession.php(49): Illuminate\\Pipeline\\Pipeline->Illuminate\\Pipeline\\{closure}()
#13 C:\\Projects\\WEB\\HTML-coding\\FE\\React\\telephone-directory\\vendor\\laravel\\framework\\src\\Illuminate\\Pipeline\\Pipeline.php(167): Illuminate\\View\\Middleware\\ShareErrorsFromSession->handle()
#14 C:\\Projects\\WEB\\HTML-coding\\FE\\React\\telephone-directory\\vendor\\laravel\\framework\\src\\Illuminate\\Session\\Middleware\\StartSession.php(121): Illuminate\\Pipeline\\Pipeline->Illuminate\\Pipeline\\{closure}()
#15 C:\\Projects\\WEB\\HTML-coding\\FE\\React\\telephone-directory\\vendor\\laravel\\framework\\src\\Illuminate\\Session\\Middleware\\StartSession.php(64): Illuminate\\Session\\Middleware\\StartSession->handleStatefulRequest()
#16 C:\\Projects\\WEB\\HTML-coding\\FE\\React\\telephone-directory\\vendor\\laravel\\framework\\src\\Illuminate\\Pipeline\\Pipeline.php(167): Illuminate\\Session\\Middleware\\StartSession->handle()
#17 C:\\Projects\\WEB\\HTML-coding\\FE\\React\\telephone-directory\\vendor\\laravel\\framework\\src\\Illuminate\\Cookie\\Middleware\\AddQueuedCookiesToResponse.php(37): Illuminate\\Pipeline\\Pipeline->Illuminate\\Pipeline\\{closure}()
#18 C:\\Projects\\WEB\\HTML-coding\\FE\\React\\telephone-directory\\vendor\\laravel\\framework\\src\\Illuminate\\Pipeline\\Pipeline.php(167): Illuminate\\Cookie\\Middleware\\AddQueuedCookiesToResponse->handle()
#19 C:\\Projects\\WEB\\HTML-coding\\FE\\React\\telephone-directory\\vendor\\laravel\\framework\\src\\Illuminate\\Cookie\\Middleware\\EncryptCookies.php(67): Illuminate\\Pipeline\\Pipeline->Illuminate\\Pipeline\\{closure}()
#20 C:\\Projects\\WEB\\HTML-coding\\FE\\React\\telephone-directory\\vendor\\laravel\\framework\\src\\Illuminate\\Pipeline\\Pipeline.php(167): Illuminate\\Cookie\\Middleware\\EncryptCookies->handle()
#21 C:\\Projects\\WEB\\HTML-coding\\FE\\React\\telephone-directory\\vendor\\laravel\\framework\\src\\Illuminate\\Pipeline\\Pipeline.php(103): Illuminate\\Pipeline\\Pipeline->Illuminate\\Pipeline\\{closure}()
#22 C:\\Projects\\WEB\\HTML-coding\\FE\\React\\telephone-directory\\vendor\\laravel\\framework\\src\\Illuminate\\Routing\\Router.php(723): Illuminate\\Pipeline\\Pipeline->then()
#23 C:\\Projects\\WEB\\HTML-coding\\FE\\React\\telephone-directory\\vendor\\laravel\\framework\\src\\Illuminate\\Routing\\Router.php(698): Illuminate\\Routing\\Router->runRouteWithinStack()
#24 C:\\Projects\\WEB\\HTML-coding\\FE\\React\\telephone-directory\\vendor\\laravel\\framework\\src\\Illuminate\\Routing\\Router.php(662): Illuminate\\Routing\\Router->runRoute()
#25 C:\\Projects\\WEB\\HTML-coding\\FE\\React\\telephone-directory\\vendor\\laravel\\framework\\src\\Illuminate\\Routing\\Router.php(651): Illuminate\\Routing\\Router->dispatchToRoute()
#26 C:\\Projects\\WEB\\HTML-coding\\FE\\React\\telephone-directory\\vendor\\laravel\\framework\\src\\Illuminate\\Foundation\\Http\\Kernel.php(167): Illuminate\\Routing\\Router->dispatch()
#27 C:\\Projects\\WEB\\HTML-coding\\FE\\React\\telephone-directory\\vendor\\laravel\\framework\\src\\Illuminate\\Pipeline\\Pipeline.php(128): Illuminate\\Foundation\\Http\\Kernel->Illuminate\\Foundation\\Http\\{closure}()
#28 C:\\Projects\\WEB\\HTML-coding\\FE\\React\\telephone-directory\\app\\Http\\Middleware\\Cors.php(26): Illuminate\\Pipeline\\Pipeline->Illuminate\\Pipeline\\{closure}()
#29 C:\\Projects\\WEB\\HTML-coding\\FE\\React\\telephone-directory\\vendor\\laravel\\framework\\src\\Illuminate\\Pipeline\\Pipeline.php(167): App\\Http\\Middleware\\Cors->handle()
#30 C:\\Projects\\WEB\\HTML-coding\\FE\\React\\telephone-directory\\vendor\\laravel\\framework\\src\\Illuminate\\Foundation\\Http\\Middleware\\TransformsRequest.php(21): Illuminate\\Pipeline\\Pipeline->Illuminate\\Pipeline\\{closure}()
#31 C:\\Projects\\WEB\\HTML-coding\\FE\\React\\telephone-directory\\vendor\\laravel\\framework\\src\\Illuminate\\Foundation\\Http\\Middleware\\ConvertEmptyStringsToNull.php(31): Illuminate\\Foundation\\Http\\Middleware\\TransformsRequest->handle()
#32 C:\\Projects\\WEB\\HTML-coding\\FE\\React\\telephone-directory\\vendor\\laravel\\framework\\src\\Illuminate\\Pipeline\\Pipeline.php(167): Illuminate\\Foundation\\Http\\Middleware\\ConvertEmptyStringsToNull->handle()
#33 C:\\Projects\\WEB\\HTML-coding\\FE\\React\\telephone-directory\\vendor\\laravel\\framework\\src\\Illuminate\\Foundation\\Http\\Middleware\\TransformsRequest.php(21): Illuminate\\Pipeline\\Pipeline->Illuminate\\Pipeline\\{closure}()
#34 C:\\Projects\\WEB\\HTML-coding\\FE\\React\\telephone-directory\\vendor\\laravel\\framework\\src\\Illuminate\\Foundation\\Http\\Middleware\\TrimStrings.php(40): Illuminate\\Foundation\\Http\\Middleware\\TransformsRequest->handle()
#35 C:\\Projects\\WEB\\HTML-coding\\FE\\React\\telephone-directory\\vendor\\laravel\\framework\\src\\Illuminate\\Pipeline\\Pipeline.php(167): Illuminate\\Foundation\\Http\\Middleware\\TrimStrings->handle()
#36 C:\\Projects\\WEB\\HTML-coding\\FE\\React\\telephone-directory\\vendor\\laravel\\framework\\src\\Illuminate\\Foundation\\Http\\Middleware\\ValidatePostSize.php(27): Illuminate\\Pipeline\\Pipeline->Illuminate\\Pipeline\\{closure}()
#37 C:\\Projects\\WEB\\HTML-coding\\FE\\React\\telephone-directory\\vendor\\laravel\\framework\\src\\Illuminate\\Pipeline\\Pipeline.php(167): Illuminate\\Foundation\\Http\\Middleware\\ValidatePostSize->handle()
#38 C:\\Projects\\WEB\\HTML-coding\\FE\\React\\telephone-directory\\vendor\\laravel\\framework\\src\\Illuminate\\Foundation\\Http\\Middleware\\PreventRequestsDuringMaintenance.php(86): Illuminate\\Pipeline\\Pipeline->Illuminate\\Pipeline\\{closure}()
#39 C:\\Projects\\WEB\\HTML-coding\\FE\\React\\telephone-directory\\vendor\\laravel\\framework\\src\\Illuminate\\Pipeline\\Pipeline.php(167): Illuminate\\Foundation\\Http\\Middleware\\PreventRequestsDuringMaintenance->handle()
#40 C:\\Projects\\WEB\\HTML-coding\\FE\\React\\telephone-directory\\vendor\\fruitcake\\laravel-cors\\src\\HandleCors.php(38): Illuminate\\Pipeline\\Pipeline->Illuminate\\Pipeline\\{closure}()
#41 C:\\Projects\\WEB\\HTML-coding\\FE\\React\\telephone-directory\\vendor\\laravel\\framework\\src\\Illuminate\\Pipeline\\Pipeline.php(167): Fruitcake\\Cors\\HandleCors->handle()
#42 C:\\Projects\\WEB\\HTML-coding\\FE\\React\\telephone-directory\\vendor\\laravel\\framework\\src\\Illuminate\\Http\\Middleware\\TrustProxies.php(39): Illuminate\\Pipeline\\Pipeline->Illuminate\\Pipeline\\{closure}()
#43 C:\\Projects\\WEB\\HTML-coding\\FE\\React\\telephone-directory\\vendor\\laravel\\framework\\src\\Illuminate\\Pipeline\\Pipeline.php(167): Illuminate\\Http\\Middleware\\TrustProxies->handle()
#44 C:\\Projects\\WEB\\HTML-coding\\FE\\React\\telephone-directory\\vendor\\laravel\\framework\\src\\Illuminate\\Pipeline\\Pipeline.php(103): Illuminate\\Pipeline\\Pipeline->Illuminate\\Pipeline\\{closure}()
#45 C:\\Projects\\WEB\\HTML-coding\\FE\\React\\telephone-directory\\vendor\\laravel\\framework\\src\\Illuminate\\Foundation\\Http\\Kernel.php(142): Illuminate\\Pipeline\\Pipeline->then()
#46 C:\\Projects\\WEB\\HTML-coding\\FE\\React\\telephone-directory\\vendor\\laravel\\framework\\src\\Illuminate\\Foundation\\Http\\Kernel.php(111): Illuminate\\Foundation\\Http\\Kernel->sendRequestThroughRouter()
#47 C:\\Projects\\WEB\\HTML-coding\\FE\\React\\telephone-directory\\public\\index.php(52): Illuminate\\Foundation\\Http\\Kernel->handle()
#48 C:\\Projects\\WEB\\HTML-coding\\FE\\React\\telephone-directory\\server.php(21): require_once('C:\\\\Projects\\\\WEB...')
#49 {main}
"} 
[2024-01-07 17:23:27] local.ERROR: file_put_contents(C:\Projects\WEB\HTML-coding\React\telephone-directory\storage\framework/sessions/rwCPCBSHuvN36tDEikrrADV5Wqegfy82WNyIlfLT): Failed to open stream: No such file or directory {"exception":"[object] (ErrorException(code: 0): file_put_contents(C:\\Projects\\WEB\\HTML-coding\\React\\telephone-directory\\storage\\framework/sessions/rwCPCBSHuvN36tDEikrrADV5Wqegfy82WNyIlfLT): Failed to open stream: No such file or directory at C:\\Projects\\WEB\\HTML-coding\\FE\\React\\telephone-directory\\vendor\\laravel\\framework\\src\\Illuminate\\Filesystem\\Filesystem.php:187)
[stacktrace]
#0 [internal function]: Illuminate\\Foundation\\Bootstrap\\HandleExceptions->handleError()
#1 C:\\Projects\\WEB\\HTML-coding\\FE\\React\\telephone-directory\\vendor\\laravel\\framework\\src\\Illuminate\\Filesystem\\Filesystem.php(187): file_put_contents()
#2 C:\\Projects\\WEB\\HTML-coding\\FE\\React\\telephone-directory\\vendor\\laravel\\framework\\src\\Illuminate\\Session\\FileSessionHandler.php(95): Illuminate\\Filesystem\\Filesystem->put()
#3 C:\\Projects\\WEB\\HTML-coding\\FE\\React\\telephone-directory\\vendor\\laravel\\framework\\src\\Illuminate\\Session\\Store.php(129): Illuminate\\Session\\FileSessionHandler->write()
#4 C:\\Projects\\WEB\\HTML-coding\\FE\\React\\telephone-directory\\vendor\\laravel\\framework\\src\\Illuminate\\Session\\Middleware\\StartSession.php(236): Illuminate\\Session\\Store->save()
#5 C:\\Projects\\WEB\\HTML-coding\\FE\\React\\telephone-directory\\vendor\\laravel\\framework\\src\\Illuminate\\Session\\Middleware\\StartSession.php(130): Illuminate\\Session\\Middleware\\StartSession->saveSession()
#6 C:\\Projects\\WEB\\HTML-coding\\FE\\React\\telephone-directory\\vendor\\laravel\\framework\\src\\Illuminate\\Session\\Middleware\\StartSession.php(64): Illuminate\\Session\\Middleware\\StartSession->handleStatefulRequest()
#7 C:\\Projects\\WEB\\HTML-coding\\FE\\React\\telephone-directory\\vendor\\laravel\\framework\\src\\Illuminate\\Pipeline\\Pipeline.php(167): Illuminate\\Session\\Middleware\\StartSession->handle()
#8 C:\\Projects\\WEB\\HTML-coding\\FE\\React\\telephone-directory\\vendor\\laravel\\framework\\src\\Illuminate\\Cookie\\Middleware\\AddQueuedCookiesToResponse.php(37): Illuminate\\Pipeline\\Pipeline->Illuminate\\Pipeline\\{closure}()
#9 C:\\Projects\\WEB\\HTML-coding\\FE\\React\\telephone-directory\\vendor\\laravel\\framework\\src\\Illuminate\\Pipeline\\Pipeline.php(167): Illuminate\\Cookie\\Middleware\\AddQueuedCookiesToResponse->handle()
#10 C:\\Projects\\WEB\\HTML-coding\\FE\\React\\telephone-directory\\vendor\\laravel\\framework\\src\\Illuminate\\Cookie\\Middleware\\EncryptCookies.php(67): Illuminate\\Pipeline\\Pipeline->Illuminate\\Pipeline\\{closure}()
#11 C:\\Projects\\WEB\\HTML-coding\\FE\\React\\telephone-directory\\vendor\\laravel\\framework\\src\\Illuminate\\Pipeline\\Pipeline.php(167): Illuminate\\Cookie\\Middleware\\EncryptCookies->handle()
#12 C:\\Projects\\WEB\\HTML-coding\\FE\\React\\telephone-directory\\vendor\\laravel\\framework\\src\\Illuminate\\Pipeline\\Pipeline.php(103): Illuminate\\Pipeline\\Pipeline->Illuminate\\Pipeline\\{closure}()
#13 C:\\Projects\\WEB\\HTML-coding\\FE\\React\\telephone-directory\\vendor\\laravel\\framework\\src\\Illuminate\\Routing\\Router.php(723): Illuminate\\Pipeline\\Pipeline->then()
#14 C:\\Projects\\WEB\\HTML-coding\\FE\\React\\telephone-directory\\vendor\\laravel\\framework\\src\\Illuminate\\Routing\\Router.php(698): Illuminate\\Routing\\Router->runRouteWithinStack()
#15 C:\\Projects\\WEB\\HTML-coding\\FE\\React\\telephone-directory\\vendor\\laravel\\framework\\src\\Illuminate\\Routing\\Router.php(662): Illuminate\\Routing\\Router->runRoute()
#16 C:\\Projects\\WEB\\HTML-coding\\FE\\React\\telephone-directory\\vendor\\laravel\\framework\\src\\Illuminate\\Routing\\Router.php(651): Illuminate\\Routing\\Router->dispatchToRoute()
#17 C:\\Projects\\WEB\\HTML-coding\\FE\\React\\telephone-directory\\vendor\\laravel\\framework\\src\\Illuminate\\Foundation\\Http\\Kernel.php(167): Illuminate\\Routing\\Router->dispatch()
#18 C:\\Projects\\WEB\\HTML-coding\\FE\\React\\telephone-directory\\vendor\\laravel\\framework\\src\\Illuminate\\Pipeline\\Pipeline.php(128): Illuminate\\Foundation\\Http\\Kernel->Illuminate\\Foundation\\Http\\{closure}()
#19 C:\\Projects\\WEB\\HTML-coding\\FE\\React\\telephone-directory\\app\\Http\\Middleware\\Cors.php(26): Illuminate\\Pipeline\\Pipeline->Illuminate\\Pipeline\\{closure}()
#20 C:\\Projects\\WEB\\HTML-coding\\FE\\React\\telephone-directory\\vendor\\laravel\\framework\\src\\Illuminate\\Pipeline\\Pipeline.php(167): App\\Http\\Middleware\\Cors->handle()
#21 C:\\Projects\\WEB\\HTML-coding\\FE\\React\\telephone-directory\\vendor\\laravel\\framework\\src\\Illuminate\\Foundation\\Http\\Middleware\\TransformsRequest.php(21): Illuminate\\Pipeline\\Pipeline->Illuminate\\Pipeline\\{closure}()
#22 C:\\Projects\\WEB\\HTML-coding\\FE\\React\\telephone-directory\\vendor\\laravel\\framework\\src\\Illuminate\\Foundation\\Http\\Middleware\\ConvertEmptyStringsToNull.php(31): Illuminate\\Foundation\\Http\\Middleware\\TransformsRequest->handle()
#23 C:\\Projects\\WEB\\HTML-coding\\FE\\React\\telephone-directory\\vendor\\laravel\\framework\\src\\Illuminate\\Pipeline\\Pipeline.php(167): Illuminate\\Foundation\\Http\\Middleware\\ConvertEmptyStringsToNull->handle()
#24 C:\\Projects\\WEB\\HTML-coding\\FE\\React\\telephone-directory\\vendor\\laravel\\framework\\src\\Illuminate\\Foundation\\Http\\Middleware\\TransformsRequest.php(21): Illuminate\\Pipeline\\Pipeline->Illuminate\\Pipeline\\{closure}()
#25 C:\\Projects\\WEB\\HTML-coding\\FE\\React\\telephone-directory\\vendor\\laravel\\framework\\src\\Illuminate\\Foundation\\Http\\Middleware\\TrimStrings.php(40): Illuminate\\Foundation\\Http\\Middleware\\TransformsRequest->handle()
#26 C:\\Projects\\WEB\\HTML-coding\\FE\\React\\telephone-directory\\vendor\\laravel\\framework\\src\\Illuminate\\Pipeline\\Pipeline.php(167): Illuminate\\Foundation\\Http\\Middleware\\TrimStrings->handle()
#27 C:\\Projects\\WEB\\HTML-coding\\FE\\React\\telephone-directory\\vendor\\laravel\\framework\\src\\Illuminate\\Foundation\\Http\\Middleware\\ValidatePostSize.php(27): Illuminate\\Pipeline\\Pipeline->Illuminate\\Pipeline\\{closure}()
#28 C:\\Projects\\WEB\\HTML-coding\\FE\\React\\telephone-directory\\vendor\\laravel\\framework\\src\\Illuminate\\Pipeline\\Pipeline.php(167): Illuminate\\Foundation\\Http\\Middleware\\ValidatePostSize->handle()
#29 C:\\Projects\\WEB\\HTML-coding\\FE\\React\\telephone-directory\\vendor\\laravel\\framework\\src\\Illuminate\\Foundation\\Http\\Middleware\\PreventRequestsDuringMaintenance.php(86): Illuminate\\Pipeline\\Pipeline->Illuminate\\Pipeline\\{closure}()
#30 C:\\Projects\\WEB\\HTML-coding\\FE\\React\\telephone-directory\\vendor\\laravel\\framework\\src\\Illuminate\\Pipeline\\Pipeline.php(167): Illuminate\\Foundation\\Http\\Middleware\\PreventRequestsDuringMaintenance->handle()
#31 C:\\Projects\\WEB\\HTML-coding\\FE\\React\\telephone-directory\\vendor\\fruitcake\\laravel-cors\\src\\HandleCors.php(38): Illuminate\\Pipeline\\Pipeline->Illuminate\\Pipeline\\{closure}()
#32 C:\\Projects\\WEB\\HTML-coding\\FE\\React\\telephone-directory\\vendor\\laravel\\framework\\src\\Illuminate\\Pipeline\\Pipeline.php(167): Fruitcake\\Cors\\HandleCors->handle()
#33 C:\\Projects\\WEB\\HTML-coding\\FE\\React\\telephone-directory\\vendor\\laravel\\framework\\src\\Illuminate\\Http\\Middleware\\TrustProxies.php(39): Illuminate\\Pipeline\\Pipeline->Illuminate\\Pipeline\\{closure}()
#34 C:\\Projects\\WEB\\HTML-coding\\FE\\React\\telephone-directory\\vendor\\laravel\\framework\\src\\Illuminate\\Pipeline\\Pipeline.php(167): Illuminate\\Http\\Middleware\\TrustProxies->handle()
#35 C:\\Projects\\WEB\\HTML-coding\\FE\\React\\telephone-directory\\vendor\\laravel\\framework\\src\\Illuminate\\Pipeline\\Pipeline.php(103): Illuminate\\Pipeline\\Pipeline->Illuminate\\Pipeline\\{closure}()
#36 C:\\Projects\\WEB\\HTML-coding\\FE\\React\\telephone-directory\\vendor\\laravel\\framework\\src\\Illuminate\\Foundation\\Http\\Kernel.php(142): Illuminate\\Pipeline\\Pipeline->then()
#37 C:\\Projects\\WEB\\HTML-coding\\FE\\React\\telephone-directory\\vendor\\laravel\\framework\\src\\Illuminate\\Foundation\\Http\\Kernel.php(111): Illuminate\\Foundation\\Http\\Kernel->sendRequestThroughRouter()
#38 C:\\Projects\\WEB\\HTML-coding\\FE\\React\\telephone-directory\\public\\index.php(52): Illuminate\\Foundation\\Http\\Kernel->handle()
#39 C:\\Projects\\WEB\\HTML-coding\\FE\\React\\telephone-directory\\server.php(21): require_once('C:\\\\Projects\\\\WEB...')
#40 {main}
"} 
[2024-01-07 17:24:20] local.ERROR: View [welcome] not found. {"exception":"[object] (InvalidArgumentException(code: 0): View [welcome] not found. at C:\\Projects\\WEB\\HTML-coding\\FE\\React\\telephone-directory\\vendor\\laravel\\framework\\src\\Illuminate\\View\\FileViewFinder.php:137)
[stacktrace]
#0 C:\\Projects\\WEB\\HTML-coding\\FE\\React\\telephone-directory\\vendor\\laravel\\framework\\src\\Illuminate\\View\\FileViewFinder.php(79): Illuminate\\View\\FileViewFinder->findInPaths()
#1 C:\\Projects\\WEB\\HTML-coding\\FE\\React\\telephone-directory\\vendor\\laravel\\framework\\src\\Illuminate\\View\\Factory.php(138): Illuminate\\View\\FileViewFinder->find()
#2 C:\\Projects\\WEB\\HTML-coding\\FE\\React\\telephone-directory\\vendor\\laravel\\framework\\src\\Illuminate\\Routing\\ResponseFactory.php(85): Illuminate\\View\\Factory->make()
#3 C:\\Projects\\WEB\\HTML-coding\\FE\\React\\telephone-directory\\vendor\\laravel\\framework\\src\\Illuminate\\Routing\\ViewController.php(37): Illuminate\\Routing\\ResponseFactory->view()
#4 C:\\Projects\\WEB\\HTML-coding\\FE\\React\\telephone-directory\\vendor\\laravel\\framework\\src\\Illuminate\\Routing\\Controller.php(54): Illuminate\\Routing\\ViewController->__invoke()
#5 C:\\Projects\\WEB\\HTML-coding\\FE\\React\\telephone-directory\\vendor\\laravel\\framework\\src\\Illuminate\\Routing\\ControllerDispatcher.php(45): Illuminate\\Routing\\Controller->callAction()
#6 C:\\Projects\\WEB\\HTML-coding\\FE\\React\\telephone-directory\\vendor\\laravel\\framework\\src\\Illuminate\\Routing\\Route.php(262): Illuminate\\Routing\\ControllerDispatcher->dispatch()
#7 C:\\Projects\\WEB\\HTML-coding\\FE\\React\\telephone-directory\\vendor\\laravel\\framework\\src\\Illuminate\\Routing\\Route.php(205): Illuminate\\Routing\\Route->runController()
#8 C:\\Projects\\WEB\\HTML-coding\\FE\\React\\telephone-directory\\vendor\\laravel\\framework\\src\\Illuminate\\Routing\\Router.php(721): Illuminate\\Routing\\Route->run()
#9 C:\\Projects\\WEB\\HTML-coding\\FE\\React\\telephone-directory\\vendor\\laravel\\framework\\src\\Illuminate\\Pipeline\\Pipeline.php(128): Illuminate\\Routing\\Router->Illuminate\\Routing\\{closure}()
#10 C:\\Projects\\WEB\\HTML-coding\\FE\\React\\telephone-directory\\vendor\\laravel\\framework\\src\\Illuminate\\Routing\\Middleware\\SubstituteBindings.php(50): Illuminate\\Pipeline\\Pipeline->Illuminate\\Pipeline\\{closure}()
#11 C:\\Projects\\WEB\\HTML-coding\\FE\\React\\telephone-directory\\vendor\\laravel\\framework\\src\\Illuminate\\Pipeline\\Pipeline.php(167): Illuminate\\Routing\\Middleware\\SubstituteBindings->handle()
#12 C:\\Projects\\WEB\\HTML-coding\\FE\\React\\telephone-directory\\vendor\\laravel\\framework\\src\\Illuminate\\View\\Middleware\\ShareErrorsFromSession.php(49): Illuminate\\Pipeline\\Pipeline->Illuminate\\Pipeline\\{closure}()
#13 C:\\Projects\\WEB\\HTML-coding\\FE\\React\\telephone-directory\\vendor\\laravel\\framework\\src\\Illuminate\\Pipeline\\Pipeline.php(167): Illuminate\\View\\Middleware\\ShareErrorsFromSession->handle()
#14 C:\\Projects\\WEB\\HTML-coding\\FE\\React\\telephone-directory\\vendor\\laravel\\framework\\src\\Illuminate\\Session\\Middleware\\StartSession.php(121): Illuminate\\Pipeline\\Pipeline->Illuminate\\Pipeline\\{closure}()
#15 C:\\Projects\\WEB\\HTML-coding\\FE\\React\\telephone-directory\\vendor\\laravel\\framework\\src\\Illuminate\\Session\\Middleware\\StartSession.php(64): Illuminate\\Session\\Middleware\\StartSession->handleStatefulRequest()
#16 C:\\Projects\\WEB\\HTML-coding\\FE\\React\\telephone-directory\\vendor\\laravel\\framework\\src\\Illuminate\\Pipeline\\Pipeline.php(167): Illuminate\\Session\\Middleware\\StartSession->handle()
#17 C:\\Projects\\WEB\\HTML-coding\\FE\\React\\telephone-directory\\vendor\\laravel\\framework\\src\\Illuminate\\Cookie\\Middleware\\AddQueuedCookiesToResponse.php(37): Illuminate\\Pipeline\\Pipeline->Illuminate\\Pipeline\\{closure}()
#18 C:\\Projects\\WEB\\HTML-coding\\FE\\React\\telephone-directory\\vendor\\laravel\\framework\\src\\Illuminate\\Pipeline\\Pipeline.php(167): Illuminate\\Cookie\\Middleware\\AddQueuedCookiesToResponse->handle()
#19 C:\\Projects\\WEB\\HTML-coding\\FE\\React\\telephone-directory\\vendor\\laravel\\framework\\src\\Illuminate\\Cookie\\Middleware\\EncryptCookies.php(67): Illuminate\\Pipeline\\Pipeline->Illuminate\\Pipeline\\{closure}()
#20 C:\\Projects\\WEB\\HTML-coding\\FE\\React\\telephone-directory\\vendor\\laravel\\framework\\src\\Illuminate\\Pipeline\\Pipeline.php(167): Illuminate\\Cookie\\Middleware\\EncryptCookies->handle()
#21 C:\\Projects\\WEB\\HTML-coding\\FE\\React\\telephone-directory\\vendor\\laravel\\framework\\src\\Illuminate\\Pipeline\\Pipeline.php(103): Illuminate\\Pipeline\\Pipeline->Illuminate\\Pipeline\\{closure}()
#22 C:\\Projects\\WEB\\HTML-coding\\FE\\React\\telephone-directory\\vendor\\laravel\\framework\\src\\Illuminate\\Routing\\Router.php(723): Illuminate\\Pipeline\\Pipeline->then()
#23 C:\\Projects\\WEB\\HTML-coding\\FE\\React\\telephone-directory\\vendor\\laravel\\framework\\src\\Illuminate\\Routing\\Router.php(698): Illuminate\\Routing\\Router->runRouteWithinStack()
#24 C:\\Projects\\WEB\\HTML-coding\\FE\\React\\telephone-directory\\vendor\\laravel\\framework\\src\\Illuminate\\Routing\\Router.php(662): Illuminate\\Routing\\Router->runRoute()
#25 C:\\Projects\\WEB\\HTML-coding\\FE\\React\\telephone-directory\\vendor\\laravel\\framework\\src\\Illuminate\\Routing\\Router.php(651): Illuminate\\Routing\\Router->dispatchToRoute()
#26 C:\\Projects\\WEB\\HTML-coding\\FE\\React\\telephone-directory\\vendor\\laravel\\framework\\src\\Illuminate\\Foundation\\Http\\Kernel.php(167): Illuminate\\Routing\\Router->dispatch()
#27 C:\\Projects\\WEB\\HTML-coding\\FE\\React\\telephone-directory\\vendor\\laravel\\framework\\src\\Illuminate\\Pipeline\\Pipeline.php(128): Illuminate\\Foundation\\Http\\Kernel->Illuminate\\Foundation\\Http\\{closure}()
#28 C:\\Projects\\WEB\\HTML-coding\\FE\\React\\telephone-directory\\app\\Http\\Middleware\\Cors.php(26): Illuminate\\Pipeline\\Pipeline->Illuminate\\Pipeline\\{closure}()
#29 C:\\Projects\\WEB\\HTML-coding\\FE\\React\\telephone-directory\\vendor\\laravel\\framework\\src\\Illuminate\\Pipeline\\Pipeline.php(167): App\\Http\\Middleware\\Cors->handle()
#30 C:\\Projects\\WEB\\HTML-coding\\FE\\React\\telephone-directory\\vendor\\laravel\\framework\\src\\Illuminate\\Foundation\\Http\\Middleware\\TransformsRequest.php(21): Illuminate\\Pipeline\\Pipeline->Illuminate\\Pipeline\\{closure}()
#31 C:\\Projects\\WEB\\HTML-coding\\FE\\React\\telephone-directory\\vendor\\laravel\\framework\\src\\Illuminate\\Foundation\\Http\\Middleware\\ConvertEmptyStringsToNull.php(31): Illuminate\\Foundation\\Http\\Middleware\\TransformsRequest->handle()
#32 C:\\Projects\\WEB\\HTML-coding\\FE\\React\\telephone-directory\\vendor\\laravel\\framework\\src\\Illuminate\\Pipeline\\Pipeline.php(167): Illuminate\\Foundation\\Http\\Middleware\\ConvertEmptyStringsToNull->handle()
#33 C:\\Projects\\WEB\\HTML-coding\\FE\\React\\telephone-directory\\vendor\\laravel\\framework\\src\\Illuminate\\Foundation\\Http\\Middleware\\TransformsRequest.php(21): Illuminate\\Pipeline\\Pipeline->Illuminate\\Pipeline\\{closure}()
#34 C:\\Projects\\WEB\\HTML-coding\\FE\\React\\telephone-directory\\vendor\\laravel\\framework\\src\\Illuminate\\Foundation\\Http\\Middleware\\TrimStrings.php(40): Illuminate\\Foundation\\Http\\Middleware\\TransformsRequest->handle()
#35 C:\\Projects\\WEB\\HTML-coding\\FE\\React\\telephone-directory\\vendor\\laravel\\framework\\src\\Illuminate\\Pipeline\\Pipeline.php(167): Illuminate\\Foundation\\Http\\Middleware\\TrimStrings->handle()
#36 C:\\Projects\\WEB\\HTML-coding\\FE\\React\\telephone-directory\\vendor\\laravel\\framework\\src\\Illuminate\\Foundation\\Http\\Middleware\\ValidatePostSize.php(27): Illuminate\\Pipeline\\Pipeline->Illuminate\\Pipeline\\{closure}()
#37 C:\\Projects\\WEB\\HTML-coding\\FE\\React\\telephone-directory\\vendor\\laravel\\framework\\src\\Illuminate\\Pipeline\\Pipeline.php(167): Illuminate\\Foundation\\Http\\Middleware\\ValidatePostSize->handle()
#38 C:\\Projects\\WEB\\HTML-coding\\FE\\React\\telephone-directory\\vendor\\laravel\\framework\\src\\Illuminate\\Foundation\\Http\\Middleware\\PreventRequestsDuringMaintenance.php(86): Illuminate\\Pipeline\\Pipeline->Illuminate\\Pipeline\\{closure}()
#39 C:\\Projects\\WEB\\HTML-coding\\FE\\React\\telephone-directory\\vendor\\laravel\\framework\\src\\Illuminate\\Pipeline\\Pipeline.php(167): Illuminate\\Foundation\\Http\\Middleware\\PreventRequestsDuringMaintenance->handle()
#40 C:\\Projects\\WEB\\HTML-coding\\FE\\React\\telephone-directory\\vendor\\fruitcake\\laravel-cors\\src\\HandleCors.php(38): Illuminate\\Pipeline\\Pipeline->Illuminate\\Pipeline\\{closure}()
#41 C:\\Projects\\WEB\\HTML-coding\\FE\\React\\telephone-directory\\vendor\\laravel\\framework\\src\\Illuminate\\Pipeline\\Pipeline.php(167): Fruitcake\\Cors\\HandleCors->handle()
#42 C:\\Projects\\WEB\\HTML-coding\\FE\\React\\telephone-directory\\vendor\\laravel\\framework\\src\\Illuminate\\Http\\Middleware\\TrustProxies.php(39): Illuminate\\Pipeline\\Pipeline->Illuminate\\Pipeline\\{closure}()
#43 C:\\Projects\\WEB\\HTML-coding\\FE\\React\\telephone-directory\\vendor\\laravel\\framework\\src\\Illuminate\\Pipeline\\Pipeline.php(167): Illuminate\\Http\\Middleware\\TrustProxies->handle()
#44 C:\\Projects\\WEB\\HTML-coding\\FE\\React\\telephone-directory\\vendor\\laravel\\framework\\src\\Illuminate\\Pipeline\\Pipeline.php(103): Illuminate\\Pipeline\\Pipeline->Illuminate\\Pipeline\\{closure}()
#45 C:\\Projects\\WEB\\HTML-coding\\FE\\React\\telephone-directory\\vendor\\laravel\\framework\\src\\Illuminate\\Foundation\\Http\\Kernel.php(142): Illuminate\\Pipeline\\Pipeline->then()
#46 C:\\Projects\\WEB\\HTML-coding\\FE\\React\\telephone-directory\\vendor\\laravel\\framework\\src\\Illuminate\\Foundation\\Http\\Kernel.php(111): Illuminate\\Foundation\\Http\\Kernel->sendRequestThroughRouter()
#47 C:\\Projects\\WEB\\HTML-coding\\FE\\React\\telephone-directory\\public\\index.php(52): Illuminate\\Foundation\\Http\\Kernel->handle()
#48 C:\\Projects\\WEB\\HTML-coding\\FE\\React\\telephone-directory\\server.php(21): require_once('C:\\\\Projects\\\\WEB...')
#49 {main}
"} 
[2024-01-07 17:24:20] local.ERROR: file_put_contents(C:\Projects\WEB\HTML-coding\React\telephone-directory\storage\framework/sessions/YXEIVbHBfN5G2DvqPPfBmG7qdsDIjqkPEOrUdIuV): Failed to open stream: No such file or directory {"exception":"[object] (ErrorException(code: 0): file_put_contents(C:\\Projects\\WEB\\HTML-coding\\React\\telephone-directory\\storage\\framework/sessions/YXEIVbHBfN5G2DvqPPfBmG7qdsDIjqkPEOrUdIuV): Failed to open stream: No such file or directory at C:\\Projects\\WEB\\HTML-coding\\FE\\React\\telephone-directory\\vendor\\laravel\\framework\\src\\Illuminate\\Filesystem\\Filesystem.php:187)
[stacktrace]
#0 [internal function]: Illuminate\\Foundation\\Bootstrap\\HandleExceptions->handleError()
#1 C:\\Projects\\WEB\\HTML-coding\\FE\\React\\telephone-directory\\vendor\\laravel\\framework\\src\\Illuminate\\Filesystem\\Filesystem.php(187): file_put_contents()
#2 C:\\Projects\\WEB\\HTML-coding\\FE\\React\\telephone-directory\\vendor\\laravel\\framework\\src\\Illuminate\\Session\\FileSessionHandler.php(95): Illuminate\\Filesystem\\Filesystem->put()
#3 C:\\Projects\\WEB\\HTML-coding\\FE\\React\\telephone-directory\\vendor\\laravel\\framework\\src\\Illuminate\\Session\\Store.php(129): Illuminate\\Session\\FileSessionHandler->write()
#4 C:\\Projects\\WEB\\HTML-coding\\FE\\React\\telephone-directory\\vendor\\laravel\\framework\\src\\Illuminate\\Session\\Middleware\\StartSession.php(236): Illuminate\\Session\\Store->save()
#5 C:\\Projects\\WEB\\HTML-coding\\FE\\React\\telephone-directory\\vendor\\laravel\\framework\\src\\Illuminate\\Session\\Middleware\\StartSession.php(130): Illuminate\\Session\\Middleware\\StartSession->saveSession()
#6 C:\\Projects\\WEB\\HTML-coding\\FE\\React\\telephone-directory\\vendor\\laravel\\framework\\src\\Illuminate\\Session\\Middleware\\StartSession.php(64): Illuminate\\Session\\Middleware\\StartSession->handleStatefulRequest()
#7 C:\\Projects\\WEB\\HTML-coding\\FE\\React\\telephone-directory\\vendor\\laravel\\framework\\src\\Illuminate\\Pipeline\\Pipeline.php(167): Illuminate\\Session\\Middleware\\StartSession->handle()
#8 C:\\Projects\\WEB\\HTML-coding\\FE\\React\\telephone-directory\\vendor\\laravel\\framework\\src\\Illuminate\\Cookie\\Middleware\\AddQueuedCookiesToResponse.php(37): Illuminate\\Pipeline\\Pipeline->Illuminate\\Pipeline\\{closure}()
#9 C:\\Projects\\WEB\\HTML-coding\\FE\\React\\telephone-directory\\vendor\\laravel\\framework\\src\\Illuminate\\Pipeline\\Pipeline.php(167): Illuminate\\Cookie\\Middleware\\AddQueuedCookiesToResponse->handle()
#10 C:\\Projects\\WEB\\HTML-coding\\FE\\React\\telephone-directory\\vendor\\laravel\\framework\\src\\Illuminate\\Cookie\\Middleware\\EncryptCookies.php(67): Illuminate\\Pipeline\\Pipeline->Illuminate\\Pipeline\\{closure}()
#11 C:\\Projects\\WEB\\HTML-coding\\FE\\React\\telephone-directory\\vendor\\laravel\\framework\\src\\Illuminate\\Pipeline\\Pipeline.php(167): Illuminate\\Cookie\\Middleware\\EncryptCookies->handle()
#12 C:\\Projects\\WEB\\HTML-coding\\FE\\React\\telephone-directory\\vendor\\laravel\\framework\\src\\Illuminate\\Pipeline\\Pipeline.php(103): Illuminate\\Pipeline\\Pipeline->Illuminate\\Pipeline\\{closure}()
#13 C:\\Projects\\WEB\\HTML-coding\\FE\\React\\telephone-directory\\vendor\\laravel\\framework\\src\\Illuminate\\Routing\\Router.php(723): Illuminate\\Pipeline\\Pipeline->then()
#14 C:\\Projects\\WEB\\HTML-coding\\FE\\React\\telephone-directory\\vendor\\laravel\\framework\\src\\Illuminate\\Routing\\Router.php(698): Illuminate\\Routing\\Router->runRouteWithinStack()
#15 C:\\Projects\\WEB\\HTML-coding\\FE\\React\\telephone-directory\\vendor\\laravel\\framework\\src\\Illuminate\\Routing\\Router.php(662): Illuminate\\Routing\\Router->runRoute()
#16 C:\\Projects\\WEB\\HTML-coding\\FE\\React\\telephone-directory\\vendor\\laravel\\framework\\src\\Illuminate\\Routing\\Router.php(651): Illuminate\\Routing\\Router->dispatchToRoute()
#17 C:\\Projects\\WEB\\HTML-coding\\FE\\React\\telephone-directory\\vendor\\laravel\\framework\\src\\Illuminate\\Foundation\\Http\\Kernel.php(167): Illuminate\\Routing\\Router->dispatch()
#18 C:\\Projects\\WEB\\HTML-coding\\FE\\React\\telephone-directory\\vendor\\laravel\\framework\\src\\Illuminate\\Pipeline\\Pipeline.php(128): Illuminate\\Foundation\\Http\\Kernel->Illuminate\\Foundation\\Http\\{closure}()
#19 C:\\Projects\\WEB\\HTML-coding\\FE\\React\\telephone-directory\\app\\Http\\Middleware\\Cors.php(26): Illuminate\\Pipeline\\Pipeline->Illuminate\\Pipeline\\{closure}()
#20 C:\\Projects\\WEB\\HTML-coding\\FE\\React\\telephone-directory\\vendor\\laravel\\framework\\src\\Illuminate\\Pipeline\\Pipeline.php(167): App\\Http\\Middleware\\Cors->handle()
#21 C:\\Projects\\WEB\\HTML-coding\\FE\\React\\telephone-directory\\vendor\\laravel\\framework\\src\\Illuminate\\Foundation\\Http\\Middleware\\TransformsRequest.php(21): Illuminate\\Pipeline\\Pipeline->Illuminate\\Pipeline\\{closure}()
#22 C:\\Projects\\WEB\\HTML-coding\\FE\\React\\telephone-directory\\vendor\\laravel\\framework\\src\\Illuminate\\Foundation\\Http\\Middleware\\ConvertEmptyStringsToNull.php(31): Illuminate\\Foundation\\Http\\Middleware\\TransformsRequest->handle()
#23 C:\\Projects\\WEB\\HTML-coding\\FE\\React\\telephone-directory\\vendor\\laravel\\framework\\src\\Illuminate\\Pipeline\\Pipeline.php(167): Illuminate\\Foundation\\Http\\Middleware\\ConvertEmptyStringsToNull->handle()
#24 C:\\Projects\\WEB\\HTML-coding\\FE\\React\\telephone-directory\\vendor\\laravel\\framework\\src\\Illuminate\\Foundation\\Http\\Middleware\\TransformsRequest.php(21): Illuminate\\Pipeline\\Pipeline->Illuminate\\Pipeline\\{closure}()
#25 C:\\Projects\\WEB\\HTML-coding\\FE\\React\\telephone-directory\\vendor\\laravel\\framework\\src\\Illuminate\\Foundation\\Http\\Middleware\\TrimStrings.php(40): Illuminate\\Foundation\\Http\\Middleware\\TransformsRequest->handle()
#26 C:\\Projects\\WEB\\HTML-coding\\FE\\React\\telephone-directory\\vendor\\laravel\\framework\\src\\Illuminate\\Pipeline\\Pipeline.php(167): Illuminate\\Foundation\\Http\\Middleware\\TrimStrings->handle()
#27 C:\\Projects\\WEB\\HTML-coding\\FE\\React\\telephone-directory\\vendor\\laravel\\framework\\src\\Illuminate\\Foundation\\Http\\Middleware\\ValidatePostSize.php(27): Illuminate\\Pipeline\\Pipeline->Illuminate\\Pipeline\\{closure}()
#28 C:\\Projects\\WEB\\HTML-coding\\FE\\React\\telephone-directory\\vendor\\laravel\\framework\\src\\Illuminate\\Pipeline\\Pipeline.php(167): Illuminate\\Foundation\\Http\\Middleware\\ValidatePostSize->handle()
#29 C:\\Projects\\WEB\\HTML-coding\\FE\\React\\telephone-directory\\vendor\\laravel\\framework\\src\\Illuminate\\Foundation\\Http\\Middleware\\PreventRequestsDuringMaintenance.php(86): Illuminate\\Pipeline\\Pipeline->Illuminate\\Pipeline\\{closure}()
#30 C:\\Projects\\WEB\\HTML-coding\\FE\\React\\telephone-directory\\vendor\\laravel\\framework\\src\\Illuminate\\Pipeline\\Pipeline.php(167): Illuminate\\Foundation\\Http\\Middleware\\PreventRequestsDuringMaintenance->handle()
#31 C:\\Projects\\WEB\\HTML-coding\\FE\\React\\telephone-directory\\vendor\\fruitcake\\laravel-cors\\src\\HandleCors.php(38): Illuminate\\Pipeline\\Pipeline->Illuminate\\Pipeline\\{closure}()
#32 C:\\Projects\\WEB\\HTML-coding\\FE\\React\\telephone-directory\\vendor\\laravel\\framework\\src\\Illuminate\\Pipeline\\Pipeline.php(167): Fruitcake\\Cors\\HandleCors->handle()
#33 C:\\Projects\\WEB\\HTML-coding\\FE\\React\\telephone-directory\\vendor\\laravel\\framework\\src\\Illuminate\\Http\\Middleware\\TrustProxies.php(39): Illuminate\\Pipeline\\Pipeline->Illuminate\\Pipeline\\{closure}()
#34 C:\\Projects\\WEB\\HTML-coding\\FE\\React\\telephone-directory\\vendor\\laravel\\framework\\src\\Illuminate\\Pipeline\\Pipeline.php(167): Illuminate\\Http\\Middleware\\TrustProxies->handle()
#35 C:\\Projects\\WEB\\HTML-coding\\FE\\React\\telephone-directory\\vendor\\laravel\\framework\\src\\Illuminate\\Pipeline\\Pipeline.php(103): Illuminate\\Pipeline\\Pipeline->Illuminate\\Pipeline\\{closure}()
#36 C:\\Projects\\WEB\\HTML-coding\\FE\\React\\telephone-directory\\vendor\\laravel\\framework\\src\\Illuminate\\Foundation\\Http\\Kernel.php(142): Illuminate\\Pipeline\\Pipeline->then()
#37 C:\\Projects\\WEB\\HTML-coding\\FE\\React\\telephone-directory\\vendor\\laravel\\framework\\src\\Illuminate\\Foundation\\Http\\Kernel.php(111): Illuminate\\Foundation\\Http\\Kernel->sendRequestThroughRouter()
#38 C:\\Projects\\WEB\\HTML-coding\\FE\\React\\telephone-directory\\public\\index.php(52): Illuminate\\Foundation\\Http\\Kernel->handle()
#39 C:\\Projects\\WEB\\HTML-coding\\FE\\React\\telephone-directory\\server.php(21): require_once('C:\\\\Projects\\\\WEB...')
#40 {main}
"} 
[2024-01-07 17:24:24] local.ERROR: View [welcome] not found. {"exception":"[object] (InvalidArgumentException(code: 0): View [welcome] not found. at C:\\Projects\\WEB\\HTML-coding\\FE\\React\\telephone-directory\\vendor\\laravel\\framework\\src\\Illuminate\\View\\FileViewFinder.php:137)
[stacktrace]
#0 C:\\Projects\\WEB\\HTML-coding\\FE\\React\\telephone-directory\\vendor\\laravel\\framework\\src\\Illuminate\\View\\FileViewFinder.php(79): Illuminate\\View\\FileViewFinder->findInPaths()
#1 C:\\Projects\\WEB\\HTML-coding\\FE\\React\\telephone-directory\\vendor\\laravel\\framework\\src\\Illuminate\\View\\Factory.php(138): Illuminate\\View\\FileViewFinder->find()
#2 C:\\Projects\\WEB\\HTML-coding\\FE\\React\\telephone-directory\\vendor\\laravel\\framework\\src\\Illuminate\\Routing\\ResponseFactory.php(85): Illuminate\\View\\Factory->make()
#3 C:\\Projects\\WEB\\HTML-coding\\FE\\React\\telephone-directory\\vendor\\laravel\\framework\\src\\Illuminate\\Routing\\ViewController.php(37): Illuminate\\Routing\\ResponseFactory->view()
#4 C:\\Projects\\WEB\\HTML-coding\\FE\\React\\telephone-directory\\vendor\\laravel\\framework\\src\\Illuminate\\Routing\\Controller.php(54): Illuminate\\Routing\\ViewController->__invoke()
#5 C:\\Projects\\WEB\\HTML-coding\\FE\\React\\telephone-directory\\vendor\\laravel\\framework\\src\\Illuminate\\Routing\\ControllerDispatcher.php(45): Illuminate\\Routing\\Controller->callAction()
#6 C:\\Projects\\WEB\\HTML-coding\\FE\\React\\telephone-directory\\vendor\\laravel\\framework\\src\\Illuminate\\Routing\\Route.php(262): Illuminate\\Routing\\ControllerDispatcher->dispatch()
#7 C:\\Projects\\WEB\\HTML-coding\\FE\\React\\telephone-directory\\vendor\\laravel\\framework\\src\\Illuminate\\Routing\\Route.php(205): Illuminate\\Routing\\Route->runController()
#8 C:\\Projects\\WEB\\HTML-coding\\FE\\React\\telephone-directory\\vendor\\laravel\\framework\\src\\Illuminate\\Routing\\Router.php(721): Illuminate\\Routing\\Route->run()
#9 C:\\Projects\\WEB\\HTML-coding\\FE\\React\\telephone-directory\\vendor\\laravel\\framework\\src\\Illuminate\\Pipeline\\Pipeline.php(128): Illuminate\\Routing\\Router->Illuminate\\Routing\\{closure}()
#10 C:\\Projects\\WEB\\HTML-coding\\FE\\React\\telephone-directory\\vendor\\laravel\\framework\\src\\Illuminate\\Routing\\Middleware\\SubstituteBindings.php(50): Illuminate\\Pipeline\\Pipeline->Illuminate\\Pipeline\\{closure}()
#11 C:\\Projects\\WEB\\HTML-coding\\FE\\React\\telephone-directory\\vendor\\laravel\\framework\\src\\Illuminate\\Pipeline\\Pipeline.php(167): Illuminate\\Routing\\Middleware\\SubstituteBindings->handle()
#12 C:\\Projects\\WEB\\HTML-coding\\FE\\React\\telephone-directory\\vendor\\laravel\\framework\\src\\Illuminate\\View\\Middleware\\ShareErrorsFromSession.php(49): Illuminate\\Pipeline\\Pipeline->Illuminate\\Pipeline\\{closure}()
#13 C:\\Projects\\WEB\\HTML-coding\\FE\\React\\telephone-directory\\vendor\\laravel\\framework\\src\\Illuminate\\Pipeline\\Pipeline.php(167): Illuminate\\View\\Middleware\\ShareErrorsFromSession->handle()
#14 C:\\Projects\\WEB\\HTML-coding\\FE\\React\\telephone-directory\\vendor\\laravel\\framework\\src\\Illuminate\\Session\\Middleware\\StartSession.php(121): Illuminate\\Pipeline\\Pipeline->Illuminate\\Pipeline\\{closure}()
#15 C:\\Projects\\WEB\\HTML-coding\\FE\\React\\telephone-directory\\vendor\\laravel\\framework\\src\\Illuminate\\Session\\Middleware\\StartSession.php(64): Illuminate\\Session\\Middleware\\StartSession->handleStatefulRequest()
#16 C:\\Projects\\WEB\\HTML-coding\\FE\\React\\telephone-directory\\vendor\\laravel\\framework\\src\\Illuminate\\Pipeline\\Pipeline.php(167): Illuminate\\Session\\Middleware\\StartSession->handle()
#17 C:\\Projects\\WEB\\HTML-coding\\FE\\React\\telephone-directory\\vendor\\laravel\\framework\\src\\Illuminate\\Cookie\\Middleware\\AddQueuedCookiesToResponse.php(37): Illuminate\\Pipeline\\Pipeline->Illuminate\\Pipeline\\{closure}()
#18 C:\\Projects\\WEB\\HTML-coding\\FE\\React\\telephone-directory\\vendor\\laravel\\framework\\src\\Illuminate\\Pipeline\\Pipeline.php(167): Illuminate\\Cookie\\Middleware\\AddQueuedCookiesToResponse->handle()
#19 C:\\Projects\\WEB\\HTML-coding\\FE\\React\\telephone-directory\\vendor\\laravel\\framework\\src\\Illuminate\\Cookie\\Middleware\\EncryptCookies.php(67): Illuminate\\Pipeline\\Pipeline->Illuminate\\Pipeline\\{closure}()
#20 C:\\Projects\\WEB\\HTML-coding\\FE\\React\\telephone-directory\\vendor\\laravel\\framework\\src\\Illuminate\\Pipeline\\Pipeline.php(167): Illuminate\\Cookie\\Middleware\\EncryptCookies->handle()
#21 C:\\Projects\\WEB\\HTML-coding\\FE\\React\\telephone-directory\\vendor\\laravel\\framework\\src\\Illuminate\\Pipeline\\Pipeline.php(103): Illuminate\\Pipeline\\Pipeline->Illuminate\\Pipeline\\{closure}()
#22 C:\\Projects\\WEB\\HTML-coding\\FE\\React\\telephone-directory\\vendor\\laravel\\framework\\src\\Illuminate\\Routing\\Router.php(723): Illuminate\\Pipeline\\Pipeline->then()
#23 C:\\Projects\\WEB\\HTML-coding\\FE\\React\\telephone-directory\\vendor\\laravel\\framework\\src\\Illuminate\\Routing\\Router.php(698): Illuminate\\Routing\\Router->runRouteWithinStack()
#24 C:\\Projects\\WEB\\HTML-coding\\FE\\React\\telephone-directory\\vendor\\laravel\\framework\\src\\Illuminate\\Routing\\Router.php(662): Illuminate\\Routing\\Router->runRoute()
#25 C:\\Projects\\WEB\\HTML-coding\\FE\\React\\telephone-directory\\vendor\\laravel\\framework\\src\\Illuminate\\Routing\\Router.php(651): Illuminate\\Routing\\Router->dispatchToRoute()
#26 C:\\Projects\\WEB\\HTML-coding\\FE\\React\\telephone-directory\\vendor\\laravel\\framework\\src\\Illuminate\\Foundation\\Http\\Kernel.php(167): Illuminate\\Routing\\Router->dispatch()
#27 C:\\Projects\\WEB\\HTML-coding\\FE\\React\\telephone-directory\\vendor\\laravel\\framework\\src\\Illuminate\\Pipeline\\Pipeline.php(128): Illuminate\\Foundation\\Http\\Kernel->Illuminate\\Foundation\\Http\\{closure}()
#28 C:\\Projects\\WEB\\HTML-coding\\FE\\React\\telephone-directory\\app\\Http\\Middleware\\Cors.php(26): Illuminate\\Pipeline\\Pipeline->Illuminate\\Pipeline\\{closure}()
#29 C:\\Projects\\WEB\\HTML-coding\\FE\\React\\telephone-directory\\vendor\\laravel\\framework\\src\\Illuminate\\Pipeline\\Pipeline.php(167): App\\Http\\Middleware\\Cors->handle()
#30 C:\\Projects\\WEB\\HTML-coding\\FE\\React\\telephone-directory\\vendor\\laravel\\framework\\src\\Illuminate\\Foundation\\Http\\Middleware\\TransformsRequest.php(21): Illuminate\\Pipeline\\Pipeline->Illuminate\\Pipeline\\{closure}()
#31 C:\\Projects\\WEB\\HTML-coding\\FE\\React\\telephone-directory\\vendor\\laravel\\framework\\src\\Illuminate\\Foundation\\Http\\Middleware\\ConvertEmptyStringsToNull.php(31): Illuminate\\Foundation\\Http\\Middleware\\TransformsRequest->handle()
#32 C:\\Projects\\WEB\\HTML-coding\\FE\\React\\telephone-directory\\vendor\\laravel\\framework\\src\\Illuminate\\Pipeline\\Pipeline.php(167): Illuminate\\Foundation\\Http\\Middleware\\ConvertEmptyStringsToNull->handle()
#33 C:\\Projects\\WEB\\HTML-coding\\FE\\React\\telephone-directory\\vendor\\laravel\\framework\\src\\Illuminate\\Foundation\\Http\\Middleware\\TransformsRequest.php(21): Illuminate\\Pipeline\\Pipeline->Illuminate\\Pipeline\\{closure}()
#34 C:\\Projects\\WEB\\HTML-coding\\FE\\React\\telephone-directory\\vendor\\laravel\\framework\\src\\Illuminate\\Foundation\\Http\\Middleware\\TrimStrings.php(40): Illuminate\\Foundation\\Http\\Middleware\\TransformsRequest->handle()
#35 C:\\Projects\\WEB\\HTML-coding\\FE\\React\\telephone-directory\\vendor\\laravel\\framework\\src\\Illuminate\\Pipeline\\Pipeline.php(167): Illuminate\\Foundation\\Http\\Middleware\\TrimStrings->handle()
#36 C:\\Projects\\WEB\\HTML-coding\\FE\\React\\telephone-directory\\vendor\\laravel\\framework\\src\\Illuminate\\Foundation\\Http\\Middleware\\ValidatePostSize.php(27): Illuminate\\Pipeline\\Pipeline->Illuminate\\Pipeline\\{closure}()
#37 C:\\Projects\\WEB\\HTML-coding\\FE\\React\\telephone-directory\\vendor\\laravel\\framework\\src\\Illuminate\\Pipeline\\Pipeline.php(167): Illuminate\\Foundation\\Http\\Middleware\\ValidatePostSize->handle()
#38 C:\\Projects\\WEB\\HTML-coding\\FE\\React\\telephone-directory\\vendor\\laravel\\framework\\src\\Illuminate\\Foundation\\Http\\Middleware\\PreventRequestsDuringMaintenance.php(86): Illuminate\\Pipeline\\Pipeline->Illuminate\\Pipeline\\{closure}()
#39 C:\\Projects\\WEB\\HTML-coding\\FE\\React\\telephone-directory\\vendor\\laravel\\framework\\src\\Illuminate\\Pipeline\\Pipeline.php(167): Illuminate\\Foundation\\Http\\Middleware\\PreventRequestsDuringMaintenance->handle()
#40 C:\\Projects\\WEB\\HTML-coding\\FE\\React\\telephone-directory\\vendor\\fruitcake\\laravel-cors\\src\\HandleCors.php(38): Illuminate\\Pipeline\\Pipeline->Illuminate\\Pipeline\\{closure}()
#41 C:\\Projects\\WEB\\HTML-coding\\FE\\React\\telephone-directory\\vendor\\laravel\\framework\\src\\Illuminate\\Pipeline\\Pipeline.php(167): Fruitcake\\Cors\\HandleCors->handle()
#42 C:\\Projects\\WEB\\HTML-coding\\FE\\React\\telephone-directory\\vendor\\laravel\\framework\\src\\Illuminate\\Http\\Middleware\\TrustProxies.php(39): Illuminate\\Pipeline\\Pipeline->Illuminate\\Pipeline\\{closure}()
#43 C:\\Projects\\WEB\\HTML-coding\\FE\\React\\telephone-directory\\vendor\\laravel\\framework\\src\\Illuminate\\Pipeline\\Pipeline.php(167): Illuminate\\Http\\Middleware\\TrustProxies->handle()
#44 C:\\Projects\\WEB\\HTML-coding\\FE\\React\\telephone-directory\\vendor\\laravel\\framework\\src\\Illuminate\\Pipeline\\Pipeline.php(103): Illuminate\\Pipeline\\Pipeline->Illuminate\\Pipeline\\{closure}()
#45 C:\\Projects\\WEB\\HTML-coding\\FE\\React\\telephone-directory\\vendor\\laravel\\framework\\src\\Illuminate\\Foundation\\Http\\Kernel.php(142): Illuminate\\Pipeline\\Pipeline->then()
#46 C:\\Projects\\WEB\\HTML-coding\\FE\\React\\telephone-directory\\vendor\\laravel\\framework\\src\\Illuminate\\Foundation\\Http\\Kernel.php(111): Illuminate\\Foundation\\Http\\Kernel->sendRequestThroughRouter()
#47 C:\\Projects\\WEB\\HTML-coding\\FE\\React\\telephone-directory\\public\\index.php(52): Illuminate\\Foundation\\Http\\Kernel->handle()
#48 C:\\Projects\\WEB\\HTML-coding\\FE\\React\\telephone-directory\\server.php(21): require_once('C:\\\\Projects\\\\WEB...')
#49 {main}
"} 
[2024-01-07 17:24:24] local.ERROR: file_put_contents(C:\Projects\WEB\HTML-coding\React\telephone-directory\storage\framework/sessions/8JZoYWqLhgwpuP8COb8AnK9PrMJyn5ogiufDikXT): Failed to open stream: No such file or directory {"exception":"[object] (ErrorException(code: 0): file_put_contents(C:\\Projects\\WEB\\HTML-coding\\React\\telephone-directory\\storage\\framework/sessions/8JZoYWqLhgwpuP8COb8AnK9PrMJyn5ogiufDikXT): Failed to open stream: No such file or directory at C:\\Projects\\WEB\\HTML-coding\\FE\\React\\telephone-directory\\vendor\\laravel\\framework\\src\\Illuminate\\Filesystem\\Filesystem.php:187)
[stacktrace]
#0 [internal function]: Illuminate\\Foundation\\Bootstrap\\HandleExceptions->handleError()
#1 C:\\Projects\\WEB\\HTML-coding\\FE\\React\\telephone-directory\\vendor\\laravel\\framework\\src\\Illuminate\\Filesystem\\Filesystem.php(187): file_put_contents()
#2 C:\\Projects\\WEB\\HTML-coding\\FE\\React\\telephone-directory\\vendor\\laravel\\framework\\src\\Illuminate\\Session\\FileSessionHandler.php(95): Illuminate\\Filesystem\\Filesystem->put()
#3 C:\\Projects\\WEB\\HTML-coding\\FE\\React\\telephone-directory\\vendor\\laravel\\framework\\src\\Illuminate\\Session\\Store.php(129): Illuminate\\Session\\FileSessionHandler->write()
#4 C:\\Projects\\WEB\\HTML-coding\\FE\\React\\telephone-directory\\vendor\\laravel\\framework\\src\\Illuminate\\Session\\Middleware\\StartSession.php(236): Illuminate\\Session\\Store->save()
#5 C:\\Projects\\WEB\\HTML-coding\\FE\\React\\telephone-directory\\vendor\\laravel\\framework\\src\\Illuminate\\Session\\Middleware\\StartSession.php(130): Illuminate\\Session\\Middleware\\StartSession->saveSession()
#6 C:\\Projects\\WEB\\HTML-coding\\FE\\React\\telephone-directory\\vendor\\laravel\\framework\\src\\Illuminate\\Session\\Middleware\\StartSession.php(64): Illuminate\\Session\\Middleware\\StartSession->handleStatefulRequest()
#7 C:\\Projects\\WEB\\HTML-coding\\FE\\React\\telephone-directory\\vendor\\laravel\\framework\\src\\Illuminate\\Pipeline\\Pipeline.php(167): Illuminate\\Session\\Middleware\\StartSession->handle()
#8 C:\\Projects\\WEB\\HTML-coding\\FE\\React\\telephone-directory\\vendor\\laravel\\framework\\src\\Illuminate\\Cookie\\Middleware\\AddQueuedCookiesToResponse.php(37): Illuminate\\Pipeline\\Pipeline->Illuminate\\Pipeline\\{closure}()
#9 C:\\Projects\\WEB\\HTML-coding\\FE\\React\\telephone-directory\\vendor\\laravel\\framework\\src\\Illuminate\\Pipeline\\Pipeline.php(167): Illuminate\\Cookie\\Middleware\\AddQueuedCookiesToResponse->handle()
#10 C:\\Projects\\WEB\\HTML-coding\\FE\\React\\telephone-directory\\vendor\\laravel\\framework\\src\\Illuminate\\Cookie\\Middleware\\EncryptCookies.php(67): Illuminate\\Pipeline\\Pipeline->Illuminate\\Pipeline\\{closure}()
#11 C:\\Projects\\WEB\\HTML-coding\\FE\\React\\telephone-directory\\vendor\\laravel\\framework\\src\\Illuminate\\Pipeline\\Pipeline.php(167): Illuminate\\Cookie\\Middleware\\EncryptCookies->handle()
#12 C:\\Projects\\WEB\\HTML-coding\\FE\\React\\telephone-directory\\vendor\\laravel\\framework\\src\\Illuminate\\Pipeline\\Pipeline.php(103): Illuminate\\Pipeline\\Pipeline->Illuminate\\Pipeline\\{closure}()
#13 C:\\Projects\\WEB\\HTML-coding\\FE\\React\\telephone-directory\\vendor\\laravel\\framework\\src\\Illuminate\\Routing\\Router.php(723): Illuminate\\Pipeline\\Pipeline->then()
#14 C:\\Projects\\WEB\\HTML-coding\\FE\\React\\telephone-directory\\vendor\\laravel\\framework\\src\\Illuminate\\Routing\\Router.php(698): Illuminate\\Routing\\Router->runRouteWithinStack()
#15 C:\\Projects\\WEB\\HTML-coding\\FE\\React\\telephone-directory\\vendor\\laravel\\framework\\src\\Illuminate\\Routing\\Router.php(662): Illuminate\\Routing\\Router->runRoute()
#16 C:\\Projects\\WEB\\HTML-coding\\FE\\React\\telephone-directory\\vendor\\laravel\\framework\\src\\Illuminate\\Routing\\Router.php(651): Illuminate\\Routing\\Router->dispatchToRoute()
#17 C:\\Projects\\WEB\\HTML-coding\\FE\\React\\telephone-directory\\vendor\\laravel\\framework\\src\\Illuminate\\Foundation\\Http\\Kernel.php(167): Illuminate\\Routing\\Router->dispatch()
#18 C:\\Projects\\WEB\\HTML-coding\\FE\\React\\telephone-directory\\vendor\\laravel\\framework\\src\\Illuminate\\Pipeline\\Pipeline.php(128): Illuminate\\Foundation\\Http\\Kernel->Illuminate\\Foundation\\Http\\{closure}()
#19 C:\\Projects\\WEB\\HTML-coding\\FE\\React\\telephone-directory\\app\\Http\\Middleware\\Cors.php(26): Illuminate\\Pipeline\\Pipeline->Illuminate\\Pipeline\\{closure}()
#20 C:\\Projects\\WEB\\HTML-coding\\FE\\React\\telephone-directory\\vendor\\laravel\\framework\\src\\Illuminate\\Pipeline\\Pipeline.php(167): App\\Http\\Middleware\\Cors->handle()
#21 C:\\Projects\\WEB\\HTML-coding\\FE\\React\\telephone-directory\\vendor\\laravel\\framework\\src\\Illuminate\\Foundation\\Http\\Middleware\\TransformsRequest.php(21): Illuminate\\Pipeline\\Pipeline->Illuminate\\Pipeline\\{closure}()
#22 C:\\Projects\\WEB\\HTML-coding\\FE\\React\\telephone-directory\\vendor\\laravel\\framework\\src\\Illuminate\\Foundation\\Http\\Middleware\\ConvertEmptyStringsToNull.php(31): Illuminate\\Foundation\\Http\\Middleware\\TransformsRequest->handle()
#23 C:\\Projects\\WEB\\HTML-coding\\FE\\React\\telephone-directory\\vendor\\laravel\\framework\\src\\Illuminate\\Pipeline\\Pipeline.php(167): Illuminate\\Foundation\\Http\\Middleware\\ConvertEmptyStringsToNull->handle()
#24 C:\\Projects\\WEB\\HTML-coding\\FE\\React\\telephone-directory\\vendor\\laravel\\framework\\src\\Illuminate\\Foundation\\Http\\Middleware\\TransformsRequest.php(21): Illuminate\\Pipeline\\Pipeline->Illuminate\\Pipeline\\{closure}()
#25 C:\\Projects\\WEB\\HTML-coding\\FE\\React\\telephone-directory\\vendor\\laravel\\framework\\src\\Illuminate\\Foundation\\Http\\Middleware\\TrimStrings.php(40): Illuminate\\Foundation\\Http\\Middleware\\TransformsRequest->handle()
#26 C:\\Projects\\WEB\\HTML-coding\\FE\\React\\telephone-directory\\vendor\\laravel\\framework\\src\\Illuminate\\Pipeline\\Pipeline.php(167): Illuminate\\Foundation\\Http\\Middleware\\TrimStrings->handle()
#27 C:\\Projects\\WEB\\HTML-coding\\FE\\React\\telephone-directory\\vendor\\laravel\\framework\\src\\Illuminate\\Foundation\\Http\\Middleware\\ValidatePostSize.php(27): Illuminate\\Pipeline\\Pipeline->Illuminate\\Pipeline\\{closure}()
#28 C:\\Projects\\WEB\\HTML-coding\\FE\\React\\telephone-directory\\vendor\\laravel\\framework\\src\\Illuminate\\Pipeline\\Pipeline.php(167): Illuminate\\Foundation\\Http\\Middleware\\ValidatePostSize->handle()
#29 C:\\Projects\\WEB\\HTML-coding\\FE\\React\\telephone-directory\\vendor\\laravel\\framework\\src\\Illuminate\\Foundation\\Http\\Middleware\\PreventRequestsDuringMaintenance.php(86): Illuminate\\Pipeline\\Pipeline->Illuminate\\Pipeline\\{closure}()
#30 C:\\Projects\\WEB\\HTML-coding\\FE\\React\\telephone-directory\\vendor\\laravel\\framework\\src\\Illuminate\\Pipeline\\Pipeline.php(167): Illuminate\\Foundation\\Http\\Middleware\\PreventRequestsDuringMaintenance->handle()
#31 C:\\Projects\\WEB\\HTML-coding\\FE\\React\\telephone-directory\\vendor\\fruitcake\\laravel-cors\\src\\HandleCors.php(38): Illuminate\\Pipeline\\Pipeline->Illuminate\\Pipeline\\{closure}()
#32 C:\\Projects\\WEB\\HTML-coding\\FE\\React\\telephone-directory\\vendor\\laravel\\framework\\src\\Illuminate\\Pipeline\\Pipeline.php(167): Fruitcake\\Cors\\HandleCors->handle()
#33 C:\\Projects\\WEB\\HTML-coding\\FE\\React\\telephone-directory\\vendor\\laravel\\framework\\src\\Illuminate\\Http\\Middleware\\TrustProxies.php(39): Illuminate\\Pipeline\\Pipeline->Illuminate\\Pipeline\\{closure}()
#34 C:\\Projects\\WEB\\HTML-coding\\FE\\React\\telephone-directory\\vendor\\laravel\\framework\\src\\Illuminate\\Pipeline\\Pipeline.php(167): Illuminate\\Http\\Middleware\\TrustProxies->handle()
#35 C:\\Projects\\WEB\\HTML-coding\\FE\\React\\telephone-directory\\vendor\\laravel\\framework\\src\\Illuminate\\Pipeline\\Pipeline.php(103): Illuminate\\Pipeline\\Pipeline->Illuminate\\Pipeline\\{closure}()
#36 C:\\Projects\\WEB\\HTML-coding\\FE\\React\\telephone-directory\\vendor\\laravel\\framework\\src\\Illuminate\\Foundation\\Http\\Kernel.php(142): Illuminate\\Pipeline\\Pipeline->then()
#37 C:\\Projects\\WEB\\HTML-coding\\FE\\React\\telephone-directory\\vendor\\laravel\\framework\\src\\Illuminate\\Foundation\\Http\\Kernel.php(111): Illuminate\\Foundation\\Http\\Kernel->sendRequestThroughRouter()
#38 C:\\Projects\\WEB\\HTML-coding\\FE\\React\\telephone-directory\\public\\index.php(52): Illuminate\\Foundation\\Http\\Kernel->handle()
#39 C:\\Projects\\WEB\\HTML-coding\\FE\\React\\telephone-directory\\server.php(21): require_once('C:\\\\Projects\\\\WEB...')
#40 {main}
"} 
